
Showing logs for build [32mcb-kubecd-environment-pr-184-30-kkl8t-1[0m stage [32mfrom-build-pack[0m and container [32mstep-credential-initializer-8rxrk[0m
{"level":"warn","ts":1584521026.3419704,"logger":"fallback-logger","caller":"logging/config.go:69","msg":"Fetch GitHub commit ID from kodata failed: \"ref: refs/heads/0.8.0-**-support-backwards-incompats\" is not a valid GitHub commit ID"}
{"level":"info","ts":1584521026.3425775,"logger":"fallback-logger","caller":"creds-init/main.go:40","msg":"Credentials initialized."}

Showing logs for build [32mcb-kubecd-environment-pr-184-30-kkl8t-1[0m stage [32mfrom-build-pack[0m and container [32mstep-working-dir-initializer-vdrkf[0m
{"level":"warn","ts":1584521027.776091,"logger":"fallback-logger","caller":"logging/config.go:69","msg":"Fetch GitHub commit ID from kodata failed: open /var/run/ko/HEAD: no such file or directory"}
{"level":"info","ts":1584521027.7774491,"logger":"fallback-logger","caller":"bash/main.go:64","msg":"Successfully executed command \"sh -c mkdir -p /workspace/source\"; output "}

Showing logs for build [32mcb-kubecd-environment-pr-184-30-kkl8t-1[0m stage [32mfrom-build-pack[0m and container [32mstep-place-tools[0m

Showing logs for build [32mcb-kubecd-environment-pr-184-30-kkl8t-1[0m stage [32mfrom-build-pack[0m and container [32mstep-git-source-cb-kubecd-environment-pr-184-30-kkl8t-6m6fz[0m
{"level":"warn","ts":1584521030.7886286,"logger":"fallback-logger","caller":"logging/config.go:69","msg":"Fetch GitHub commit ID from kodata failed: \"ref: refs/heads/0.8.0-**-support-backwards-incompats\" is not a valid GitHub commit ID"}
{"level":"info","ts":1584521031.840691,"logger":"fallback-logger","caller":"git/git.go:103","msg":"Successfully cloned https://github.com/cb-kubecd/environment-pr-184-30-boot-gke-production.git @ master in path /workspace/source"}

Showing logs for build [32mcb-kubecd-environment-pr-184-30-kkl8t-1[0m stage [32mfrom-build-pack[0m and container [32mstep-git-merge[0m
Using SHAs from PULL_REFS=master:b6ab0d6ab8175620532e3a0692f588b58c62c631,1:29d271170d56694fac3b7548c5586337ac1fe9f7
DEBUG: LC_ALL=C JX_LOG_LEVEL=error git fetch origin --unshallow 29d271170d56694fac3b7548c5586337ac1fe9f7: b6ab0d6ab8175620532e3a0692f588b58c62c631:
DEBUG: ran git fetch --unshallow origin 29d271170d56694fac3b7548c5586337ac1fe9f7: b6ab0d6ab8175620532e3a0692f588b58c62c631: in 
DEBUG: LC_ALL=C JX_LOG_LEVEL=error git branch
DEBUG: JX_LOG_LEVEL=error LC_ALL=C git checkout master
DEBUG: ran git checkout master in 
DEBUG: LC_ALL=C JX_LOG_LEVEL=error git reset --hard b6ab0d6ab8175620532e3a0692f588b58c62c631
DEBUG: ran git reset --hard b6ab0d6ab8175620532e3a0692f588b58c62c631 in 
DEBUG: LC_ALL=C JX_LOG_LEVEL=error git clean -fd .
DEBUG: ran clean --force -d . in 
DEBUG: LC_ALL=C JX_LOG_LEVEL=error git merge 29d271170d56694fac3b7548c5586337ac1fe9f7
DEBUG: ran git merge 29d271170d56694fac3b7548c5586337ac1fe9f7 in 
DEBUG: LC_ALL=C JX_LOG_LEVEL=error git log --format=%H%x1f%an%x1f%ae%x1f%cn%x1f%ce%x1f%s%n%b%x1e b6ab0d6ab8175620532e3a0692f588b58c62c631..HEAD
Merged SHA 29d271170d56694fac3b7548c5586337ac1fe9f7 with commit message 'chore: Promote bdd-spring-1584520092 to version 0.0.1' into base branch master

Showing logs for build [32mcb-kubecd-environment-pr-184-30-kkl8t-1[0m stage [32mfrom-build-pack[0m and container [32mstep-build-helm-build[0m
WARNING: No $CHART_REPOSITORY defined so using the default value of: http://jenkins-x-chartmuseum:8080
Adding missing Helm repo: storage.googleapis.com https://storage.googleapis.com/chartmuseum.jenkins-x.io
WARNING: No secrets found on "helm/repos" due: reading the secret "helm/repos" from vault: no secret "helm/repos" not found in vault
Read credentials for https://storage.googleapis.com/chartmuseum.jenkins-x.io from vault helm/repos
Successfully added Helm repository storage.googleapis.com.
Adding missing Helm repo: jenkins-x-chartmuseum http://jenkins-x-chartmuseum:8080
WARNING: No secrets found on "helm/repos" due: reading the secret "helm/repos" from vault: no secret "helm/repos" not found in vault
Read credentials for http://jenkins-x-chartmuseum:8080 from vault helm/repos
Successfully added Helm repository jenkins-x-chartmuseum.
WARNING: No $CHART_REPOSITORY defined so using the default value of: http://jenkins-x-chartmuseum:8080
Adding missing Helm repo: chartmuseum.jenkins-x.io http://chartmuseum.jenkins-x.io
WARNING: No secrets found on "helm/repos" due: reading the secret "helm/repos" from vault: no secret "helm/repos" not found in vault
Read credentials for http://chartmuseum.jenkins-x.io from vault helm/repos
Successfully added Helm repository chartmuseum.jenkins-x.io.
